e:\visual2017\learninggl\learninggl\x64\debug\vc141.pdb
e:\visual2017\learninggl\learninggl\x64\debug\vc141.idb
e:\visual2017\learninggl\learninggl\x64\debug\glad.obj
e:\visual2017\learninggl\learninggl\x64\debug\zhuoseqi.obj
e:\visual2017\learninggl\learninggl\x64\debug\4.2gl.obj
e:\visual2017\learninggl\learninggl\x64\debug\5.1.obj
e:\visual2017\learninggl\learninggl\x64\debug\6.1main.obj
e:\visual2017\learninggl\learninggl\x64\debug\6.2.obj
e:\visual2017\learninggl\learninggl\x64\debug\6.3.obj
e:\visual2017\learninggl\learninggl\x64\debug\7.1camera.obj
e:\visual2017\learninggl\learninggl\x64\debug\8.1color.obj
e:\visual2017\learninggl\learninggl\x64\debug\8.2color.obj
e:\visual2017\learninggl\learninggl\x64\debug\8.3wholelight.obj
e:\visual2017\learninggl\learninggl\x64\debug\9.1material.obj
e:\visual2017\learninggl\learninggl\x64\debug\3dmodels.obj
e:\visual2017\learninggl\learninggl\x64\debug\paralledsunlight.obj
e:\visual2017\learninggl\learninggl\x64\debug\multiplylights.obj
e:\visual2017\learninggl\x64\debug\learninggl.exe
e:\visual2017\learninggl\x64\debug\learninggl.ilk
e:\visual2017\learninggl\x64\debug\learninggl.pdb
e:\visual2017\learninggl\learninggl\x64\debug\7.1.obj
e:\visual2017\learninggl\learninggl\x64\debug\paralledlight.obj
e:\visual2017\learninggl\learninggl\x64\debug\zuobiaozhuanhuan.obj
e:\visual2017\learninggl\learninggl\x64\debug\learninggl.tlog\cl.command.1.tlog
e:\visual2017\learninggl\learninggl\x64\debug\learninggl.tlog\cl.read.1.tlog
e:\visual2017\learninggl\learninggl\x64\debug\learninggl.tlog\cl.write.1.tlog
e:\visual2017\learninggl\learninggl\x64\debug\learninggl.tlog\link.command.1.tlog
e:\visual2017\learninggl\learninggl\x64\debug\learninggl.tlog\link.read.1.tlog
e:\visual2017\learninggl\learninggl\x64\debug\learninggl.tlog\link.write.1.tlog
